2023-05-04 16:01:56.305 [main] INFO  org.hibernate.jpa.internal.util.LogHelper - HHH000204: Processing PersistenceUnitInfo [name: lesson5-persistence-unit]
2023-05-04 16:01:56.349 [main] INFO  org.hibernate.Version - HHH000412: Hibernate ORM core version 6.2.2.Final
2023-05-04 16:01:56.352 [main] INFO  org.hibernate.cfg.Environment - HHH000406: Using bytecode reflection optimizer
2023-05-04 16:01:56.356 [main] WARN  org.hibernate.orm.deprecation - HHH90000021: Encountered deprecated setting [javax.persistence.jdbc.user], use [jakarta.persistence.jdbc.user] instead
2023-05-04 16:01:56.358 [main] WARN  org.hibernate.orm.deprecation - HHH90000021: Encountered deprecated setting [javax.persistence.jdbc.password], use [jakarta.persistence.jdbc.password] instead
2023-05-04 16:01:56.359 [main] WARN  org.hibernate.orm.deprecation - HHH90000021: Encountered deprecated setting [javax.persistence.jdbc.url], use [jakarta.persistence.jdbc.url] instead
2023-05-04 16:01:56.359 [main] WARN  org.hibernate.orm.deprecation - HHH90000021: Encountered deprecated setting [javax.persistence.jdbc.driver], use [jakarta.persistence.jdbc.driver] instead
2023-05-04 16:01:56.612 [main] WARN  org.hibernate.orm.connections.pooling - HHH10001002: Using built-in connection pool (not intended for production use)
2023-05-04 16:01:56.619 [main] INFO  org.hibernate.orm.connections.pooling - HHH10001005: Loaded JDBC driver class: com.mysql.cj.jdbc.Driver
2023-05-04 16:01:56.619 [main] INFO  org.hibernate.orm.connections.pooling - HHH10001012: Connecting with JDBC URL [jdbc:mysql://localhost:3306/library]
2023-05-04 16:01:56.620 [main] INFO  org.hibernate.orm.connections.pooling - HHH10001001: Connection properties: {password=****, user=root}
2023-05-04 16:01:56.620 [main] INFO  org.hibernate.orm.connections.pooling - HHH10001003: Autocommit mode: false
2023-05-04 16:01:56.622 [main] INFO  org.hibernate.orm.connections.pooling - HHH10001115: Connection pool size: 20 (min=1)
2023-05-04 16:01:57.034 [main] INFO  org.hibernate.orm.dialect - HHH035001: Using dialect: org.hibernate.dialect.MySQLDialect, version: 8.0.32
2023-05-04 16:01:57.252 [main] INFO  org.hibernate.bytecode.internal.BytecodeProviderInitiator - HHH000021: Bytecode provider name : bytebuddy
2023-05-04 16:01:58.040 [main] INFO  org.hibernate.engine.transaction.jta.platform.internal.JtaPlatformInitiator - HHH000490: Using JtaPlatform implementation: [org.hibernate.engine.transaction.jta.platform.internal.NoJtaPlatform]
2023-05-04 16:01:58.059 [main] INFO  org.hibernate.orm.connections.access - HHH10001501: Connection obtained from JdbcConnectionAccess [org.hibernate.engine.jdbc.env.internal.JdbcEnvironmentInitiator$ConnectionProviderJdbcConnectionAccess@27898e13] for (non-JTA) DDL execution was not in auto-commit mode; the Connection 'local transaction' will be committed and the Connection will be set into auto-commit mode.
2023-05-04 16:01:58.087 [main] INFO  org.hibernate.orm.connections.access - HHH10001501: Connection obtained from JdbcConnectionAccess [org.hibernate.engine.jdbc.env.internal.JdbcEnvironmentInitiator$ConnectionProviderJdbcConnectionAccess@37d3e140] for (non-JTA) DDL execution was not in auto-commit mode; the Connection 'local transaction' will be committed and the Connection will be set into auto-commit mode.
2023-05-04 16:01:58.147 [main] INFO  org.hibernate.tool.schema.internal.exec.GenerationTargetToDatabase - HHH000476: Executing script '[injected ScriptSourceInputNonExistentImpl script]'
2023-05-04 16:01:58.197 [main] INFO  lesson5.AuthorHelper - lesson5.AuthorHelper START !!!
2023-05-04 16:01:58.293 [main] INFO  lesson5.AuthorHelper - addAuthor : 1
2023-05-04 16:01:58.299 [main] INFO  lesson5.AuthorHelper - addAuthor : 2
2023-05-04 16:01:58.307 [main] INFO  lesson5.AuthorHelper - addAuthor : 3
2023-05-04 16:01:58.357 [main] INFO  lesson5.AuthorHelper - getAuthorList
2023-05-04 16:01:58.398 [main] INFO  lesson5.AuthorHelper - [1. Герберт Шилдт, 2. Брюс Еккєль, 3. Джошуа Блох]
2023-05-04 16:01:58.403 [main] INFO  lesson5.AuthorHelper - getAuthorById
2023-05-04 16:01:58.403 [main] INFO  lesson5.AuthorHelper - 2. Брюс Еккєль
2023-05-04 16:01:58.416 [main] INFO  lesson5.AuthorHelper - addAuthor : 2
2023-05-04 16:01:58.416 [main] INFO  lesson5.AuthorHelper - getAuthorList
2023-05-04 16:01:58.419 [main] INFO  lesson5.AuthorHelper - [1. Герберт Шилдт, 2. Кей Хортсман, 3. Джошуа Блох]
2023-05-04 16:01:58.456 [main] INFO  org.hibernate.orm.connections.pooling - HHH10001008: Cleaning up connection pool [jdbc:mysql://localhost:3306/library]
2023-05-04 16:01:58.458 [main] INFO  lesson5.AuthorHelper - authorHelper.Closing !!!
2023-05-04 16:09:43.293 [main] INFO  org.hibernate.jpa.internal.util.LogHelper - HHH000204: Processing PersistenceUnitInfo [name: lesson5-persistence-unit]
2023-05-04 16:09:43.340 [main] INFO  org.hibernate.Version - HHH000412: Hibernate ORM core version 6.2.2.Final
2023-05-04 16:09:43.342 [main] INFO  org.hibernate.cfg.Environment - HHH000406: Using bytecode reflection optimizer
2023-05-04 16:09:43.347 [main] WARN  org.hibernate.orm.deprecation - HHH90000021: Encountered deprecated setting [javax.persistence.jdbc.user], use [jakarta.persistence.jdbc.user] instead
2023-05-04 16:09:43.350 [main] WARN  org.hibernate.orm.deprecation - HHH90000021: Encountered deprecated setting [javax.persistence.jdbc.password], use [jakarta.persistence.jdbc.password] instead
2023-05-04 16:09:43.350 [main] WARN  org.hibernate.orm.deprecation - HHH90000021: Encountered deprecated setting [javax.persistence.jdbc.url], use [jakarta.persistence.jdbc.url] instead
2023-05-04 16:09:43.350 [main] WARN  org.hibernate.orm.deprecation - HHH90000021: Encountered deprecated setting [javax.persistence.jdbc.driver], use [jakarta.persistence.jdbc.driver] instead
2023-05-04 16:09:43.614 [main] WARN  org.hibernate.orm.connections.pooling - HHH10001002: Using built-in connection pool (not intended for production use)
2023-05-04 16:09:43.619 [main] INFO  org.hibernate.orm.connections.pooling - HHH10001005: Loaded JDBC driver class: com.mysql.cj.jdbc.Driver
2023-05-04 16:09:43.619 [main] INFO  org.hibernate.orm.connections.pooling - HHH10001012: Connecting with JDBC URL [jdbc:mysql://localhost:3306/library]
2023-05-04 16:09:43.620 [main] INFO  org.hibernate.orm.connections.pooling - HHH10001001: Connection properties: {password=****, user=root}
2023-05-04 16:09:43.620 [main] INFO  org.hibernate.orm.connections.pooling - HHH10001003: Autocommit mode: false
2023-05-04 16:09:43.622 [main] INFO  org.hibernate.orm.connections.pooling - HHH10001115: Connection pool size: 20 (min=1)
2023-05-04 16:09:44.030 [main] INFO  org.hibernate.orm.dialect - HHH035001: Using dialect: org.hibernate.dialect.MySQLDialect, version: 8.0.32
2023-05-04 16:09:44.254 [main] INFO  org.hibernate.bytecode.internal.BytecodeProviderInitiator - HHH000021: Bytecode provider name : bytebuddy
2023-05-04 16:09:45.043 [main] INFO  org.hibernate.engine.transaction.jta.platform.internal.JtaPlatformInitiator - HHH000490: Using JtaPlatform implementation: [org.hibernate.engine.transaction.jta.platform.internal.NoJtaPlatform]
2023-05-04 16:09:45.061 [main] INFO  org.hibernate.orm.connections.access - HHH10001501: Connection obtained from JdbcConnectionAccess [org.hibernate.engine.jdbc.env.internal.JdbcEnvironmentInitiator$ConnectionProviderJdbcConnectionAccess@5a30722c] for (non-JTA) DDL execution was not in auto-commit mode; the Connection 'local transaction' will be committed and the Connection will be set into auto-commit mode.
2023-05-04 16:09:45.091 [main] INFO  org.hibernate.orm.connections.access - HHH10001501: Connection obtained from JdbcConnectionAccess [org.hibernate.engine.jdbc.env.internal.JdbcEnvironmentInitiator$ConnectionProviderJdbcConnectionAccess@7781263c] for (non-JTA) DDL execution was not in auto-commit mode; the Connection 'local transaction' will be committed and the Connection will be set into auto-commit mode.
2023-05-04 16:09:45.172 [main] INFO  org.hibernate.tool.schema.internal.exec.GenerationTargetToDatabase - HHH000476: Executing script '[injected ScriptSourceInputNonExistentImpl script]'
2023-05-04 16:09:45.229 [main] INFO  lesson5.AuthorHelper - lesson5.AuthorHelper START !!!
2023-05-04 16:09:45.325 [main] INFO  lesson5.AuthorHelper - addAuthor : 1
2023-05-04 16:09:45.331 [main] INFO  lesson5.AuthorHelper - addAuthor : 2
2023-05-04 16:09:45.336 [main] INFO  lesson5.AuthorHelper - addAuthor : 3
2023-05-04 16:09:45.387 [main] INFO  lesson5.AuthorHelper - getAuthorList
2023-05-04 16:09:45.426 [main] INFO  lesson5.AuthorHelper - [1. Герберт Шилдт, 2. Брюс Еккєль, 3. Джошуа Блох]
2023-05-04 16:09:45.431 [main] INFO  lesson5.AuthorHelper - getAuthorById
2023-05-04 16:09:45.431 [main] INFO  lesson5.AuthorHelper - 2. Брюс Еккєль
2023-05-04 16:09:45.445 [main] INFO  lesson5.AuthorHelper - addAuthor : 2
2023-05-04 16:09:45.445 [main] INFO  lesson5.AuthorHelper - getAuthorList
2023-05-04 16:09:45.447 [main] INFO  lesson5.AuthorHelper - [1. Герберт Шилдт, 2. Кей Хортсман, 3. Джошуа Блох]
2023-05-04 16:09:45.485 [main] INFO  org.hibernate.orm.connections.pooling - HHH10001008: Cleaning up connection pool [jdbc:mysql://localhost:3306/library]
2023-05-04 16:11:16.428 [main] INFO  org.hibernate.jpa.internal.util.LogHelper - HHH000204: Processing PersistenceUnitInfo [name: lesson5-persistence-unit]
2023-05-04 16:11:16.474 [main] INFO  org.hibernate.Version - HHH000412: Hibernate ORM core version 6.2.2.Final
2023-05-04 16:11:16.476 [main] INFO  org.hibernate.cfg.Environment - HHH000406: Using bytecode reflection optimizer
2023-05-04 16:11:16.480 [main] WARN  org.hibernate.orm.deprecation - HHH90000021: Encountered deprecated setting [javax.persistence.jdbc.user], use [jakarta.persistence.jdbc.user] instead
2023-05-04 16:11:16.483 [main] WARN  org.hibernate.orm.deprecation - HHH90000021: Encountered deprecated setting [javax.persistence.jdbc.password], use [jakarta.persistence.jdbc.password] instead
2023-05-04 16:11:16.483 [main] WARN  org.hibernate.orm.deprecation - HHH90000021: Encountered deprecated setting [javax.persistence.jdbc.url], use [jakarta.persistence.jdbc.url] instead
2023-05-04 16:11:16.483 [main] WARN  org.hibernate.orm.deprecation - HHH90000021: Encountered deprecated setting [javax.persistence.jdbc.driver], use [jakarta.persistence.jdbc.driver] instead
2023-05-04 16:11:16.747 [main] WARN  org.hibernate.orm.connections.pooling - HHH10001002: Using built-in connection pool (not intended for production use)
2023-05-04 16:11:16.752 [main] INFO  org.hibernate.orm.connections.pooling - HHH10001005: Loaded JDBC driver class: com.mysql.cj.jdbc.Driver
2023-05-04 16:11:16.752 [main] INFO  org.hibernate.orm.connections.pooling - HHH10001012: Connecting with JDBC URL [jdbc:mysql://localhost:3306/library]
2023-05-04 16:11:16.753 [main] INFO  org.hibernate.orm.connections.pooling - HHH10001001: Connection properties: {password=****, user=root}
2023-05-04 16:11:16.753 [main] INFO  org.hibernate.orm.connections.pooling - HHH10001003: Autocommit mode: false
2023-05-04 16:11:16.755 [main] INFO  org.hibernate.orm.connections.pooling - HHH10001115: Connection pool size: 20 (min=1)
2023-05-04 16:11:17.157 [main] INFO  org.hibernate.orm.dialect - HHH035001: Using dialect: org.hibernate.dialect.MySQLDialect, version: 8.0.32
2023-05-04 16:11:17.371 [main] INFO  org.hibernate.bytecode.internal.BytecodeProviderInitiator - HHH000021: Bytecode provider name : bytebuddy
2023-05-04 16:11:18.157 [main] INFO  org.hibernate.engine.transaction.jta.platform.internal.JtaPlatformInitiator - HHH000490: Using JtaPlatform implementation: [org.hibernate.engine.transaction.jta.platform.internal.NoJtaPlatform]
2023-05-04 16:11:18.177 [main] INFO  org.hibernate.orm.connections.access - HHH10001501: Connection obtained from JdbcConnectionAccess [org.hibernate.engine.jdbc.env.internal.JdbcEnvironmentInitiator$ConnectionProviderJdbcConnectionAccess@5a30722c] for (non-JTA) DDL execution was not in auto-commit mode; the Connection 'local transaction' will be committed and the Connection will be set into auto-commit mode.
2023-05-04 16:11:18.206 [main] INFO  org.hibernate.orm.connections.access - HHH10001501: Connection obtained from JdbcConnectionAccess [org.hibernate.engine.jdbc.env.internal.JdbcEnvironmentInitiator$ConnectionProviderJdbcConnectionAccess@7781263c] for (non-JTA) DDL execution was not in auto-commit mode; the Connection 'local transaction' will be committed and the Connection will be set into auto-commit mode.
2023-05-04 16:11:18.265 [main] INFO  org.hibernate.tool.schema.internal.exec.GenerationTargetToDatabase - HHH000476: Executing script '[injected ScriptSourceInputNonExistentImpl script]'
2023-05-04 16:11:18.319 [main] INFO  lesson5.AuthorHelper - lesson5.AuthorHelper START !!!
2023-05-04 16:11:18.383 [main] INFO  lesson5.AuthorHelper - addAuthorBulk 10
2023-05-04 16:11:18.397 [main] INFO  lesson5.AuthorHelper - addAuthorBulk 20
2023-05-04 16:11:18.408 [main] INFO  lesson5.AuthorHelper - addAuthorBulk 30
2023-05-04 16:11:18.412 [main] INFO  lesson5.AuthorHelper - addAuthorBulk 31
2023-05-04 16:11:18.468 [main] INFO  lesson5.AuthorHelper - getAuthorList
2023-05-04 16:11:18.538 [main] INFO  lesson5.AuthorHelper - [1. Name №1 Lastname №1, 2. Name №2 Lastname №2, 3. Name №3 Lastname №3, 4. Name №4 Lastname №4, 5. Name №5 Lastname №5, 6. Name №6 Lastname №6, 7. Name №7 Lastname №7, 8. Name №8 Lastname №8, 9. Name №9 Lastname №9, 10. Name №10 Lastname №10, 11. Name №11 Lastname №11, 12. Name №12 Lastname №12, 13. Name №13 Lastname №13, 14. Name №14 Lastname №14, 15. Name №15 Lastname №15, 16. Name №16 Lastname №16, 17. Name №17 Lastname №17, 18. Name №18 Lastname №18, 19. Name №19 Lastname №19, 20. Name №20 Lastname №20, 21. Name №21 Lastname №21, 22. Name №22 Lastname №22, 23. Name №23 Lastname №23, 24. Name №24 Lastname №24, 25. Name №25 Lastname №25, 26. Name №26 Lastname №26, 27. Name №27 Lastname №27, 28. Name №28 Lastname №28, 29. Name №29 Lastname №29, 30. Name №30 Lastname №30]
2023-05-04 16:11:18.545 [main] INFO  org.hibernate.orm.connections.pooling - HHH10001008: Cleaning up connection pool [jdbc:mysql://localhost:3306/library]
2023-05-04 16:14:48.741 [main] INFO  org.hibernate.jpa.internal.util.LogHelper - HHH000204: Processing PersistenceUnitInfo [name: lesson5-persistence-unit]
2023-05-04 16:14:48.787 [main] INFO  org.hibernate.Version - HHH000412: Hibernate ORM core version 6.2.2.Final
2023-05-04 16:14:48.789 [main] INFO  org.hibernate.cfg.Environment - HHH000406: Using bytecode reflection optimizer
2023-05-04 16:14:48.793 [main] WARN  org.hibernate.orm.deprecation - HHH90000021: Encountered deprecated setting [javax.persistence.jdbc.user], use [jakarta.persistence.jdbc.user] instead
2023-05-04 16:14:48.796 [main] WARN  org.hibernate.orm.deprecation - HHH90000021: Encountered deprecated setting [javax.persistence.jdbc.password], use [jakarta.persistence.jdbc.password] instead
2023-05-04 16:14:48.796 [main] WARN  org.hibernate.orm.deprecation - HHH90000021: Encountered deprecated setting [javax.persistence.jdbc.url], use [jakarta.persistence.jdbc.url] instead
2023-05-04 16:14:48.796 [main] WARN  org.hibernate.orm.deprecation - HHH90000021: Encountered deprecated setting [javax.persistence.jdbc.driver], use [jakarta.persistence.jdbc.driver] instead
2023-05-04 16:14:49.055 [main] WARN  org.hibernate.orm.connections.pooling - HHH10001002: Using built-in connection pool (not intended for production use)
2023-05-04 16:14:49.061 [main] INFO  org.hibernate.orm.connections.pooling - HHH10001005: Loaded JDBC driver class: com.mysql.cj.jdbc.Driver
2023-05-04 16:14:49.061 [main] INFO  org.hibernate.orm.connections.pooling - HHH10001012: Connecting with JDBC URL [jdbc:mysql://localhost:3306/library]
2023-05-04 16:14:49.062 [main] INFO  org.hibernate.orm.connections.pooling - HHH10001001: Connection properties: {password=****, user=root}
2023-05-04 16:14:49.062 [main] INFO  org.hibernate.orm.connections.pooling - HHH10001003: Autocommit mode: false
2023-05-04 16:14:49.065 [main] INFO  org.hibernate.orm.connections.pooling - HHH10001115: Connection pool size: 20 (min=1)
2023-05-04 16:14:49.472 [main] INFO  org.hibernate.orm.dialect - HHH035001: Using dialect: org.hibernate.dialect.MySQLDialect, version: 8.0.32
2023-05-04 16:14:49.695 [main] INFO  org.hibernate.bytecode.internal.BytecodeProviderInitiator - HHH000021: Bytecode provider name : bytebuddy
2023-05-04 16:14:50.454 [main] INFO  org.hibernate.engine.transaction.jta.platform.internal.JtaPlatformInitiator - HHH000490: Using JtaPlatform implementation: [org.hibernate.engine.transaction.jta.platform.internal.NoJtaPlatform]
2023-05-04 16:14:50.471 [main] INFO  org.hibernate.orm.connections.access - HHH10001501: Connection obtained from JdbcConnectionAccess [org.hibernate.engine.jdbc.env.internal.JdbcEnvironmentInitiator$ConnectionProviderJdbcConnectionAccess@77083e41] for (non-JTA) DDL execution was not in auto-commit mode; the Connection 'local transaction' will be committed and the Connection will be set into auto-commit mode.
2023-05-04 16:14:50.499 [main] INFO  org.hibernate.orm.connections.access - HHH10001501: Connection obtained from JdbcConnectionAccess [org.hibernate.engine.jdbc.env.internal.JdbcEnvironmentInitiator$ConnectionProviderJdbcConnectionAccess@509a6095] for (non-JTA) DDL execution was not in auto-commit mode; the Connection 'local transaction' will be committed and the Connection will be set into auto-commit mode.
2023-05-04 16:14:50.559 [main] INFO  org.hibernate.tool.schema.internal.exec.GenerationTargetToDatabase - HHH000476: Executing script '[injected ScriptSourceInputNonExistentImpl script]'
2023-05-04 16:14:50.607 [main] INFO  lesson5.AuthorHelper - lesson5.AuthorHelper START !!!
2023-05-04 16:14:50.706 [main] INFO  lesson5.AuthorHelper - addAuthor : 1
2023-05-04 16:14:50.713 [main] INFO  lesson5.AuthorHelper - addAuthor : 2
2023-05-04 16:14:50.719 [main] INFO  lesson5.AuthorHelper - addAuthor : 3
2023-05-04 16:14:50.763 [main] INFO  lesson5.AuthorHelper - getAuthorList
2023-05-04 16:14:50.808 [main] INFO  lesson5.AuthorHelper - [1. Герберт Шилдт, 2. Брюс Еккєль, 3. Джошуа Блох]
2023-05-04 16:14:50.813 [main] INFO  lesson5.AuthorHelper - getAuthorById
2023-05-04 16:14:50.813 [main] INFO  lesson5.AuthorHelper - 2. Брюс Еккєль
2023-05-04 16:14:50.825 [main] INFO  lesson5.AuthorHelper - addAuthor : 2
2023-05-04 16:14:50.826 [main] INFO  lesson5.AuthorHelper - getAuthorList
2023-05-04 16:14:50.828 [main] INFO  lesson5.AuthorHelper - [1. Герберт Шилдт, 2. Кей Хортсман, 3. Джошуа Блох]
2023-05-04 16:14:50.864 [main] INFO  org.hibernate.orm.connections.pooling - HHH10001008: Cleaning up connection pool [jdbc:mysql://localhost:3306/library]
2023-05-04 16:16:39.559 [main] INFO  org.hibernate.jpa.internal.util.LogHelper - HHH000204: Processing PersistenceUnitInfo [name: lesson5-persistence-unit]
2023-05-04 16:16:39.604 [main] INFO  org.hibernate.Version - HHH000412: Hibernate ORM core version 6.2.2.Final
2023-05-04 16:16:39.607 [main] INFO  org.hibernate.cfg.Environment - HHH000406: Using bytecode reflection optimizer
2023-05-04 16:16:39.612 [main] WARN  org.hibernate.orm.deprecation - HHH90000021: Encountered deprecated setting [javax.persistence.jdbc.user], use [jakarta.persistence.jdbc.user] instead
2023-05-04 16:16:39.615 [main] WARN  org.hibernate.orm.deprecation - HHH90000021: Encountered deprecated setting [javax.persistence.jdbc.password], use [jakarta.persistence.jdbc.password] instead
2023-05-04 16:16:39.615 [main] WARN  org.hibernate.orm.deprecation - HHH90000021: Encountered deprecated setting [javax.persistence.jdbc.url], use [jakarta.persistence.jdbc.url] instead
2023-05-04 16:16:39.615 [main] WARN  org.hibernate.orm.deprecation - HHH90000021: Encountered deprecated setting [javax.persistence.jdbc.driver], use [jakarta.persistence.jdbc.driver] instead
2023-05-04 16:16:39.878 [main] WARN  org.hibernate.orm.connections.pooling - HHH10001002: Using built-in connection pool (not intended for production use)
2023-05-04 16:16:39.884 [main] INFO  org.hibernate.orm.connections.pooling - HHH10001005: Loaded JDBC driver class: com.mysql.cj.jdbc.Driver
2023-05-04 16:16:39.885 [main] INFO  org.hibernate.orm.connections.pooling - HHH10001012: Connecting with JDBC URL [jdbc:mysql://localhost:3306/library]
2023-05-04 16:16:39.885 [main] INFO  org.hibernate.orm.connections.pooling - HHH10001001: Connection properties: {password=****, user=root}
2023-05-04 16:16:39.885 [main] INFO  org.hibernate.orm.connections.pooling - HHH10001003: Autocommit mode: false
2023-05-04 16:16:39.887 [main] INFO  org.hibernate.orm.connections.pooling - HHH10001115: Connection pool size: 20 (min=1)
2023-05-04 16:16:40.296 [main] INFO  org.hibernate.orm.dialect - HHH035001: Using dialect: org.hibernate.dialect.MySQLDialect, version: 8.0.32
2023-05-04 16:16:40.516 [main] INFO  org.hibernate.bytecode.internal.BytecodeProviderInitiator - HHH000021: Bytecode provider name : bytebuddy
2023-05-04 16:16:41.278 [main] INFO  org.hibernate.engine.transaction.jta.platform.internal.JtaPlatformInitiator - HHH000490: Using JtaPlatform implementation: [org.hibernate.engine.transaction.jta.platform.internal.NoJtaPlatform]
2023-05-04 16:16:41.295 [main] INFO  org.hibernate.orm.connections.access - HHH10001501: Connection obtained from JdbcConnectionAccess [org.hibernate.engine.jdbc.env.internal.JdbcEnvironmentInitiator$ConnectionProviderJdbcConnectionAccess@77083e41] for (non-JTA) DDL execution was not in auto-commit mode; the Connection 'local transaction' will be committed and the Connection will be set into auto-commit mode.
2023-05-04 16:16:41.322 [main] INFO  org.hibernate.orm.connections.access - HHH10001501: Connection obtained from JdbcConnectionAccess [org.hibernate.engine.jdbc.env.internal.JdbcEnvironmentInitiator$ConnectionProviderJdbcConnectionAccess@509a6095] for (non-JTA) DDL execution was not in auto-commit mode; the Connection 'local transaction' will be committed and the Connection will be set into auto-commit mode.
2023-05-04 16:16:41.384 [main] INFO  org.hibernate.tool.schema.internal.exec.GenerationTargetToDatabase - HHH000476: Executing script '[injected ScriptSourceInputNonExistentImpl script]'
2023-05-04 16:16:41.437 [main] INFO  lesson5.AuthorHelper - lesson5.AuthorHelper START !!!
2023-05-04 16:16:41.533 [main] INFO  lesson5.AuthorHelper - addAuthor : 1
2023-05-04 16:16:41.539 [main] INFO  lesson5.AuthorHelper - addAuthor : 2
2023-05-04 16:16:41.545 [main] INFO  lesson5.AuthorHelper - addAuthor : 3
2023-05-04 16:16:41.595 [main] INFO  lesson5.AuthorHelper - getAuthorList
2023-05-04 16:16:41.639 [main] INFO  lesson5.AuthorHelper - [1. Герберт Шилдт, 2. Брюс Еккєль, 3. Джошуа Блох]
2023-05-04 16:16:41.645 [main] INFO  lesson5.AuthorHelper - getAuthorById
2023-05-04 16:16:41.645 [main] INFO  lesson5.AuthorHelper - 2. Брюс Еккєль
2023-05-04 16:16:41.659 [main] INFO  lesson5.AuthorHelper - addAuthor : 2
2023-05-04 16:16:41.659 [main] INFO  lesson5.AuthorHelper - getAuthorList
2023-05-04 16:16:41.662 [main] INFO  lesson5.AuthorHelper - [1. Герберт Шилдт, 2. Кей Хортсман, 3. Джошуа Блох]
2023-05-04 16:16:41.699 [main] INFO  org.hibernate.orm.connections.pooling - HHH10001008: Cleaning up connection pool [jdbc:mysql://localhost:3306/library]
2023-05-04 16:20:21.077 [main] INFO  org.hibernate.jpa.internal.util.LogHelper - HHH000204: Processing PersistenceUnitInfo [name: lesson5-persistence-unit]
2023-05-04 16:20:21.123 [main] INFO  org.hibernate.Version - HHH000412: Hibernate ORM core version 6.2.2.Final
2023-05-04 16:20:21.125 [main] INFO  org.hibernate.cfg.Environment - HHH000406: Using bytecode reflection optimizer
2023-05-04 16:20:21.129 [main] WARN  org.hibernate.orm.deprecation - HHH90000021: Encountered deprecated setting [javax.persistence.jdbc.user], use [jakarta.persistence.jdbc.user] instead
2023-05-04 16:20:21.132 [main] WARN  org.hibernate.orm.deprecation - HHH90000021: Encountered deprecated setting [javax.persistence.jdbc.password], use [jakarta.persistence.jdbc.password] instead
2023-05-04 16:20:21.132 [main] WARN  org.hibernate.orm.deprecation - HHH90000021: Encountered deprecated setting [javax.persistence.jdbc.url], use [jakarta.persistence.jdbc.url] instead
2023-05-04 16:20:21.132 [main] WARN  org.hibernate.orm.deprecation - HHH90000021: Encountered deprecated setting [javax.persistence.jdbc.driver], use [jakarta.persistence.jdbc.driver] instead
2023-05-04 16:20:21.391 [main] WARN  org.hibernate.orm.connections.pooling - HHH10001002: Using built-in connection pool (not intended for production use)
2023-05-04 16:20:21.401 [main] INFO  org.hibernate.orm.connections.pooling - HHH10001005: Loaded JDBC driver class: com.mysql.cj.jdbc.Driver
2023-05-04 16:20:21.401 [main] INFO  org.hibernate.orm.connections.pooling - HHH10001012: Connecting with JDBC URL [jdbc:mysql://localhost:3306/library]
2023-05-04 16:20:21.401 [main] INFO  org.hibernate.orm.connections.pooling - HHH10001001: Connection properties: {password=****, user=root}
2023-05-04 16:20:21.401 [main] INFO  org.hibernate.orm.connections.pooling - HHH10001003: Autocommit mode: false
2023-05-04 16:20:21.404 [main] INFO  org.hibernate.orm.connections.pooling - HHH10001115: Connection pool size: 20 (min=1)
2023-05-04 16:20:21.808 [main] INFO  org.hibernate.orm.dialect - HHH035001: Using dialect: org.hibernate.dialect.MySQLDialect, version: 8.0.32
2023-05-04 16:20:22.034 [main] INFO  org.hibernate.bytecode.internal.BytecodeProviderInitiator - HHH000021: Bytecode provider name : bytebuddy
2023-05-04 16:20:22.823 [main] INFO  org.hibernate.engine.transaction.jta.platform.internal.JtaPlatformInitiator - HHH000490: Using JtaPlatform implementation: [org.hibernate.engine.transaction.jta.platform.internal.NoJtaPlatform]
2023-05-04 16:20:22.840 [main] INFO  org.hibernate.orm.connections.access - HHH10001501: Connection obtained from JdbcConnectionAccess [org.hibernate.engine.jdbc.env.internal.JdbcEnvironmentInitiator$ConnectionProviderJdbcConnectionAccess@77083e41] for (non-JTA) DDL execution was not in auto-commit mode; the Connection 'local transaction' will be committed and the Connection will be set into auto-commit mode.
2023-05-04 16:20:22.869 [main] INFO  org.hibernate.orm.connections.access - HHH10001501: Connection obtained from JdbcConnectionAccess [org.hibernate.engine.jdbc.env.internal.JdbcEnvironmentInitiator$ConnectionProviderJdbcConnectionAccess@509a6095] for (non-JTA) DDL execution was not in auto-commit mode; the Connection 'local transaction' will be committed and the Connection will be set into auto-commit mode.
2023-05-04 16:20:22.927 [main] INFO  org.hibernate.tool.schema.internal.exec.GenerationTargetToDatabase - HHH000476: Executing script '[injected ScriptSourceInputNonExistentImpl script]'
2023-05-04 16:20:22.982 [main] INFO  lesson5.AuthorHelper - lesson5.AuthorHelper START !!!
2023-05-04 16:20:23.044 [main] INFO  lesson5.AuthorHelper - addAuthorBulk 10
2023-05-04 16:20:23.056 [main] INFO  lesson5.AuthorHelper - addAuthorBulk 20
2023-05-04 16:20:23.067 [main] INFO  lesson5.AuthorHelper - addAuthorBulk 30
2023-05-04 16:20:23.072 [main] INFO  lesson5.AuthorHelper - addAuthorBulk 31
2023-05-04 16:20:23.119 [main] INFO  lesson5.AuthorHelper - getAuthorList
2023-05-04 16:20:23.192 [main] INFO  lesson5.AuthorHelper - [1. Name №1 Lastname №1, 2. Name №2 Lastname №2, 3. Name №3 Lastname №3, 4. Name №4 Lastname №4, 5. Name №5 Lastname №5, 6. Name №6 Lastname №6, 7. Name №7 Lastname №7, 8. Name №8 Lastname №8, 9. Name №9 Lastname №9, 10. Name №10 Lastname №10, 11. Name №11 Lastname №11, 12. Name №12 Lastname №12, 13. Name №13 Lastname №13, 14. Name №14 Lastname №14, 15. Name №15 Lastname №15, 16. Name №16 Lastname №16, 17. Name №17 Lastname №17, 18. Name №18 Lastname №18, 19. Name №19 Lastname №19, 20. Name №20 Lastname №20, 21. Name №21 Lastname №21, 22. Name №22 Lastname №22, 23. Name №23 Lastname №23, 24. Name №24 Lastname №24, 25. Name №25 Lastname №25, 26. Name №26 Lastname №26, 27. Name №27 Lastname №27, 28. Name №28 Lastname №28, 29. Name №29 Lastname №29, 30. Name №30 Lastname №30]
2023-05-04 16:20:23.199 [main] INFO  org.hibernate.orm.connections.pooling - HHH10001008: Cleaning up connection pool [jdbc:mysql://localhost:3306/library]
2023-05-04 16:20:30.200 [main] INFO  org.hibernate.jpa.internal.util.LogHelper - HHH000204: Processing PersistenceUnitInfo [name: lesson5-persistence-unit]
2023-05-04 16:20:30.247 [main] INFO  org.hibernate.Version - HHH000412: Hibernate ORM core version 6.2.2.Final
2023-05-04 16:20:30.249 [main] INFO  org.hibernate.cfg.Environment - HHH000406: Using bytecode reflection optimizer
2023-05-04 16:20:30.254 [main] WARN  org.hibernate.orm.deprecation - HHH90000021: Encountered deprecated setting [javax.persistence.jdbc.user], use [jakarta.persistence.jdbc.user] instead
2023-05-04 16:20:30.258 [main] WARN  org.hibernate.orm.deprecation - HHH90000021: Encountered deprecated setting [javax.persistence.jdbc.password], use [jakarta.persistence.jdbc.password] instead
2023-05-04 16:20:30.258 [main] WARN  org.hibernate.orm.deprecation - HHH90000021: Encountered deprecated setting [javax.persistence.jdbc.url], use [jakarta.persistence.jdbc.url] instead
2023-05-04 16:20:30.258 [main] WARN  org.hibernate.orm.deprecation - HHH90000021: Encountered deprecated setting [javax.persistence.jdbc.driver], use [jakarta.persistence.jdbc.driver] instead
2023-05-04 16:20:30.518 [main] WARN  org.hibernate.orm.connections.pooling - HHH10001002: Using built-in connection pool (not intended for production use)
2023-05-04 16:20:30.526 [main] INFO  org.hibernate.orm.connections.pooling - HHH10001005: Loaded JDBC driver class: com.mysql.cj.jdbc.Driver
2023-05-04 16:20:30.526 [main] INFO  org.hibernate.orm.connections.pooling - HHH10001012: Connecting with JDBC URL [jdbc:mysql://localhost:3306/library]
2023-05-04 16:20:30.526 [main] INFO  org.hibernate.orm.connections.pooling - HHH10001001: Connection properties: {password=****, user=root}
2023-05-04 16:20:30.527 [main] INFO  org.hibernate.orm.connections.pooling - HHH10001003: Autocommit mode: false
2023-05-04 16:20:30.529 [main] INFO  org.hibernate.orm.connections.pooling - HHH10001115: Connection pool size: 20 (min=1)
2023-05-04 16:20:30.940 [main] INFO  org.hibernate.orm.dialect - HHH035001: Using dialect: org.hibernate.dialect.MySQLDialect, version: 8.0.32
2023-05-04 16:20:31.154 [main] INFO  org.hibernate.bytecode.internal.BytecodeProviderInitiator - HHH000021: Bytecode provider name : bytebuddy
2023-05-04 16:20:31.946 [main] INFO  org.hibernate.engine.transaction.jta.platform.internal.JtaPlatformInitiator - HHH000490: Using JtaPlatform implementation: [org.hibernate.engine.transaction.jta.platform.internal.NoJtaPlatform]
2023-05-04 16:20:31.965 [main] INFO  org.hibernate.orm.connections.access - HHH10001501: Connection obtained from JdbcConnectionAccess [org.hibernate.engine.jdbc.env.internal.JdbcEnvironmentInitiator$ConnectionProviderJdbcConnectionAccess@77083e41] for (non-JTA) DDL execution was not in auto-commit mode; the Connection 'local transaction' will be committed and the Connection will be set into auto-commit mode.
2023-05-04 16:20:31.993 [main] INFO  org.hibernate.orm.connections.access - HHH10001501: Connection obtained from JdbcConnectionAccess [org.hibernate.engine.jdbc.env.internal.JdbcEnvironmentInitiator$ConnectionProviderJdbcConnectionAccess@509a6095] for (non-JTA) DDL execution was not in auto-commit mode; the Connection 'local transaction' will be committed and the Connection will be set into auto-commit mode.
2023-05-04 16:20:32.049 [main] INFO  org.hibernate.tool.schema.internal.exec.GenerationTargetToDatabase - HHH000476: Executing script '[injected ScriptSourceInputNonExistentImpl script]'
2023-05-04 16:20:32.099 [main] INFO  lesson5.AuthorHelper - lesson5.AuthorHelper START !!!
2023-05-04 16:20:32.198 [main] INFO  lesson5.AuthorHelper - addAuthor : 1
2023-05-04 16:20:32.204 [main] INFO  lesson5.AuthorHelper - addAuthor : 2
2023-05-04 16:20:32.210 [main] INFO  lesson5.AuthorHelper - addAuthor : 3
2023-05-04 16:20:32.254 [main] INFO  lesson5.AuthorHelper - getAuthorList
2023-05-04 16:20:32.295 [main] INFO  lesson5.AuthorHelper - [1. Герберт Шилдт, 2. Брюс Еккєль, 3. Джошуа Блох]
2023-05-04 16:20:32.300 [main] INFO  lesson5.AuthorHelper - getAuthorById
2023-05-04 16:20:32.300 [main] INFO  lesson5.AuthorHelper - 2. Брюс Еккєль
2023-05-04 16:20:32.313 [main] INFO  lesson5.AuthorHelper - addAuthor : 2
2023-05-04 16:20:32.314 [main] INFO  lesson5.AuthorHelper - getAuthorList
2023-05-04 16:20:32.316 [main] INFO  lesson5.AuthorHelper - [1. Герберт Шилдт, 2. Кей Хортсман, 3. Джошуа Блох]
2023-05-04 16:20:32.356 [main] INFO  org.hibernate.orm.connections.pooling - HHH10001008: Cleaning up connection pool [jdbc:mysql://localhost:3306/library]
